<?xml version="1.0" encoding="UTF-8"?>
<testsuite xmlns:xsi="http://www.w3.org/2001/XMLSchema-instance" xsi:noNamespaceSchemaLocation="https://maven.apache.org/surefire/maven-surefire-plugin/xsd/surefire-test-report-3.0.xsd" version="3.0" name="com.mitocode.reservation.adapter.in.rest.gymclass.GymClassControllerTest" time="12.188" tests="3" errors="0" skipped="0" failures="0">
  <properties>
[...]
</properties>
  <testcase name="givenATooShortQuery_findGymClasses_returnsError" classname="com.mitocode.reservation.adapter.in.rest.gymclass.GymClassControllerTest" time="2.068">
    <system-out><![CDATA[21:59:51.750 [main] INFO org.springframework.test.context.support.AnnotationConfigContextLoaderUtils -- Could not detect default configuration classes for test class [com.mitocode.reservation.adapter.in.rest.gymclass.GymClassControllerTest]: GymClassControllerTest does not declare any static, non-private, non-final, nested classes annotated with @Configuration.
21:59:52.002 [main] INFO org.springframework.boot.test.context.SpringBootTestContextBootstrapper -- Found @SpringBootConfiguration com.mitocode.reservation.SpringAppConfig for test class com.mitocode.reservation.adapter.in.rest.gymclass.GymClassControllerTest

  .   ____          _            __ _ _
 /\\ / ___'_ __ _ _(_)_ __  __ _ \ \ \ \
( ( )\___ | '_ | '_| | '_ \/ _` | \ \ \ \
 \\/  ___)| |_)| | | | | || (_| |  ) ) ) )
  '  |____| .__|_| |_|_| |_\__, | / / / /
 =========|_|==============|___/=/_/_/_/
 :: Spring Boot ::                (v3.1.5)

2024-11-14T21:59:52.636-05:00  INFO 27444 --- [           main] c.m.r.a.i.r.g.GymClassControllerTest     : Starting GymClassControllerTest using Java 21.0.4 with PID 27444 (started by jalbe in C:\Proyectos\Arquitectura Hexagonal\Clases\Clase 1\Proyecto\hexagonal-architecture-java-2-with-spring\adapter)
2024-11-14T21:59:52.637-05:00  INFO 27444 --- [           main] c.m.r.a.i.r.g.GymClassControllerTest     : The following 1 profile is active: "test"
2024-11-14T21:59:53.949-05:00  INFO 27444 --- [           main] .s.d.r.c.RepositoryConfigurationDelegate : Bootstrapping Spring Data JPA repositories in DEFAULT mode.
2024-11-14T21:59:54.072-05:00  INFO 27444 --- [           main] .s.d.r.c.RepositoryConfigurationDelegate : Finished Spring Data repository scanning in 111 ms. Found 2 JPA repository interfaces.
2024-11-14T21:59:56.718-05:00  INFO 27444 --- [           main] o.s.b.w.embedded.tomcat.TomcatWebServer  : Tomcat initialized with port(s): 0 (http)
2024-11-14T21:59:56.736-05:00  INFO 27444 --- [           main] o.apache.catalina.core.StandardService   : Starting service [Tomcat]
2024-11-14T21:59:56.737-05:00  INFO 27444 --- [           main] o.apache.catalina.core.StandardEngine    : Starting Servlet engine: [Apache Tomcat/10.1.15]
2024-11-14T21:59:56.951-05:00  INFO 27444 --- [           main] o.a.c.c.C.[Tomcat].[localhost].[/]       : Initializing Spring embedded WebApplicationContext
2024-11-14T21:59:56.953-05:00  INFO 27444 --- [           main] w.s.c.ServletWebServerApplicationContext : Root WebApplicationContext: initialization completed in 3964 ms
2024-11-14T21:59:57.273-05:00  INFO 27444 --- [           main] com.zaxxer.hikari.HikariDataSource       : HikariPool-1 - Starting...
2024-11-14T21:59:57.616-05:00  INFO 27444 --- [           main] com.zaxxer.hikari.pool.HikariPool        : HikariPool-1 - Added connection conn0: url=jdbc:h2:mem:testdb user=SA
2024-11-14T21:59:57.618-05:00  INFO 27444 --- [           main] com.zaxxer.hikari.HikariDataSource       : HikariPool-1 - Start completed.
2024-11-14T21:59:57.750-05:00  INFO 27444 --- [           main] o.hibernate.jpa.internal.util.LogHelper  : HHH000204: Processing PersistenceUnitInfo [name: default]
2024-11-14T21:59:57.926-05:00  INFO 27444 --- [           main] org.hibernate.Version                    : HHH000412: Hibernate ORM core version 6.2.13.Final
2024-11-14T21:59:57.929-05:00  INFO 27444 --- [           main] org.hibernate.cfg.Environment            : HHH000406: Using bytecode reflection optimizer
2024-11-14T21:59:58.194-05:00  INFO 27444 --- [           main] o.s.o.j.p.SpringPersistenceUnitInfo      : No LoadTimeWeaver setup: ignoring JPA class transformer
2024-11-14T21:59:59.267-05:00  INFO 27444 --- [           main] o.h.e.t.j.p.i.JtaPlatformInitiator       : HHH000489: No JTA platform available (set 'hibernate.transaction.jta.platform' to enable JTA platform integration)
2024-11-14T21:59:59.361-05:00  INFO 27444 --- [           main] j.LocalContainerEntityManagerFactoryBean : Initialized JPA EntityManagerFactory for persistence unit 'default'
2024-11-14T21:59:59.505-05:00  WARN 27444 --- [           main] JpaBaseConfiguration$JpaWebConfiguration : spring.jpa.open-in-view is enabled by default. Therefore, database queries may be performed during view rendering. Explicitly configure spring.jpa.open-in-view to disable this warning
2024-11-14T22:00:00.391-05:00  INFO 27444 --- [           main] o.s.d.j.r.query.QueryEnhancerFactory     : Hibernate is in classpath; If applicable, HQL parser will be used.
2024-11-14T22:00:01.246-05:00  INFO 27444 --- [           main] o.s.b.w.embedded.tomcat.TomcatWebServer  : Tomcat started on port(s): 65434 (http) with context path ''
2024-11-14T22:00:01.255-05:00  INFO 27444 --- [           main] c.m.r.a.i.r.g.GymClassControllerTest     : Started GymClassControllerTest in 9.017 seconds (process running for 10.554)
2024-11-14T22:00:02.468-05:00  INFO 27444 --- [o-auto-1-exec-1] o.a.c.c.C.[Tomcat].[localhost].[/]       : Initializing Spring DispatcherServlet 'dispatcherServlet'
2024-11-14T22:00:02.468-05:00  INFO 27444 --- [o-auto-1-exec-1] o.s.web.servlet.DispatcherServlet        : Initializing Servlet 'dispatcherServlet'
2024-11-14T22:00:02.470-05:00  INFO 27444 --- [o-auto-1-exec-1] o.s.web.servlet.DispatcherServlet        : Completed initialization in 0 ms
]]></system-out>
    <system-err><![CDATA[WARNING: A Java agent has been loaded dynamically (C:\Users\jalbe\.m2\repository\net\bytebuddy\byte-buddy-agent\1.14.9\byte-buddy-agent-1.14.9.jar)
WARNING: If a serviceability tool is in use, please run with -XX:+EnableDynamicAgentLoading to hide this warning
WARNING: If a serviceability tool is not in use, please run with -Djdk.instrument.traceUsage for more information
WARNING: Dynamic loading of agents will be disallowed by default in a future release
]]></system-err>
  </testcase>
  <testcase name="givenAQueryAndAListOfGymClasses_findGymClasses_requestsGymClassesViaQueryAndReturnsThem" classname="com.mitocode.reservation.adapter.in.rest.gymclass.GymClassControllerTest" time="0.246">
    <system-out><![CDATA[GymClass(id=ClassId[value=OQT3F6IZ], type=Yoga Class, description=An introductory yoga class, capacity=30, spotsAvailable=20)
GymClass(id=ClassId[value=TSSRRUE4], type=Yoga Class, description=An introductory yoga class, capacity=25, spotsAvailable=10)
]]></system-out>
  </testcase>
  <testcase name="givenANullQuery_findGymClasses_returnsError" classname="com.mitocode.reservation.adapter.in.rest.gymclass.GymClassControllerTest" time="0.03"/>
</testsuite>